log started: Wed Jan 17 15:12:37 2018

Log file: ./leap.log
>> #
>> # ----- leaprc for loading the ff14SB force field
>> # ----- NOTE: this is designed for PDB format 3!
>> #    Uses frcmod.ff14SB for proteins; ff99bsc0 for DNA; ff99bsc0_chiOL3 for RNA
>> #
>> #	load atom type hybridizations
>> #
>> addAtomTypes {
>> 	{ "H"   "H" "sp3" }
>> 	{ "HO"  "H" "sp3" }
>> 	{ "HS"  "H" "sp3" }
>> 	{ "H1"  "H" "sp3" }
>> 	{ "H2"  "H" "sp3" }
>> 	{ "H3"  "H" "sp3" }
>> 	{ "H4"  "H" "sp3" }
>> 	{ "H5"  "H" "sp3" }
>> 	{ "HW"  "H" "sp3" }
>> 	{ "HC"  "H" "sp3" }
>> 	{ "HA"  "H" "sp3" }
>> 	{ "HP"  "H" "sp3" }
>> 	{ "HZ"  "H" "sp3" }
>> 	{ "OH"  "O" "sp3" }
>> 	{ "OS"  "O" "sp3" }
>> 	{ "O"   "O" "sp2" }
>> 	{ "O2"  "O" "sp2" }
>> 	{ "OP"  "O" "sp2" }
>> 	{ "OW"  "O" "sp3" }
>> 	{ "CT"  "C" "sp3" }
>> 	{ "CX"  "C" "sp3" }
>> 	{ "C8"  "C" "sp3" }
>> 	{ "2C"  "C" "sp3" }
>> 	{ "3C"  "C" "sp3" }
>> 	{ "CH"  "C" "sp3" }
>> 	{ "CS"  "C" "sp2" }
>> 	{ "C"   "C" "sp2" }
>> 	{ "CO"   "C" "sp2" }
>> 	{ "C*"  "C" "sp2" }
>> 	{ "CA"  "C" "sp2" }
>> 	{ "CB"  "C" "sp2" }
>> 	{ "CC"  "C" "sp2" }
>> 	{ "CN"  "C" "sp2" }
>> 	{ "CM"  "C" "sp2" }
>> 	{ "CK"  "C" "sp2" }
>> 	{ "CQ"  "C" "sp2" }
>> 	{ "CD"  "C" "sp2" }
>> 	{ "C5"  "C" "sp2" }
>> 	{ "C4"  "C" "sp2" }
>> 	{ "CP"  "C" "sp2" }
>> 	{ "CI"  "C" "sp3" }
>> 	{ "CJ"  "C" "sp2" }
>> 	{ "CW"  "C" "sp2" }
>> 	{ "CV"  "C" "sp2" }
>> 	{ "CR"  "C" "sp2" }
>> 	{ "CA"  "C" "sp2" }
>> 	{ "CY"  "C" "sp2" }
>> 	{ "C0"  "Ca" "sp3" }
>> 	{ "MG"  "Mg" "sp3" }
>> 	{ "N"   "N" "sp2" }
>> 	{ "NA"  "N" "sp2" }
>> 	{ "N2"  "N" "sp2" }
>> 	{ "N*"  "N" "sp2" }
>> 	{ "NP"  "N" "sp2" }
>> 	{ "NQ"  "N" "sp2" }
>> 	{ "NB"  "N" "sp2" }
>> 	{ "NC"  "N" "sp2" }
>> 	{ "NT"  "N" "sp3" }
>> 	{ "NY"  "N" "sp2" }
>> 	{ "N3"  "N" "sp3" }
>> 	{ "S"   "S" "sp3" }
>> 	{ "SH"  "S" "sp3" }
>> 	{ "P"   "P" "sp3" }
>> 	{ "LP"  ""  "sp3" }
>> 	{ "EP"  ""  "sp3" }
>> 	{ "F"   "F" "sp3" }
>> 	{ "Cl"  "Cl" "sp3" }
>> 	{ "Br"  "Br" "sp3" }
>> 	{ "I"   "I"  "sp3" }
>> 	{ "F-"   "F" "sp3" }
>> 	{ "Cl-"  "Cl" "sp3" }
>> 	{ "Br-"  "Br" "sp3" }
>> 	{ "I-"   "I"  "sp3" }
>> 	{ "Li+"  "Li"  "sp3" }
>> 	{ "Na+"  "Na"  "sp3" }
>> 	{ "K+"  "K"  "sp3" }
>> 	{ "Rb+"  "Rb"  "sp3" }
>> 	{ "Cs+"  "Cs"  "sp3" }
>> 	{ "Mg+"  "Mg"  "sp3" }
>> # glycam
>> 	{ "OG"  "O" "sp3" }
>> 	{ "OL"  "O" "sp3" }
>> 	{ "AC"  "C" "sp3" }
>> 	{ "EC"  "C" "sp3" }
>> }
>> #
>> #	Load the main parameter set.
>> #
>> parm10 = loadamberparams parm10.dat
Loading parameters: /home/leexa/amber14/dat/leap/parm/parm10.dat
Reading title:
PARM99 + frcmod.ff99SB + frcmod.parmbsc0 + OL3 for RNA
(UNKNOWN ATOM TYPE: Zn)
(UNKNOWN ATOM TYPE: EP)
>> frcmod14SB = loadamberparams frcmod.ff14SB
Loading parameters: /home/leexa/amber14/dat/leap/parm/frcmod.ff14SB
Reading force field modification type file (frcmod)
Reading title:
ff14SB protein backbone and sidechain parameters
>> #
>> #	Load main chain and terminating amino acid libraries, nucleic acids
>> #
>> loadOff amino12.lib
Loading library: /home/leexa/amber14/dat/leap/lib/amino12.lib
Loading: ALA
Loading: ARG
Loading: ASH
Loading: ASN
Loading: ASP
Loading: CYM
Loading: CYS
Loading: CYX
Loading: GLH
Loading: GLN
Loading: GLU
Loading: GLY
Loading: HID
Loading: HIE
Loading: HIP
Loading: HYP
Loading: ILE
Loading: LEU
Loading: LYN
Loading: LYS
Loading: MET
Loading: PHE
Loading: PRO
Loading: SER
Loading: THR
Loading: TRP
Loading: TYR
Loading: VAL
>> loadOff aminoct12.lib
Loading library: /home/leexa/amber14/dat/leap/lib/aminoct12.lib
Loading: CALA
Loading: CARG
Loading: CASN
Loading: CASP
Loading: CCYS
Loading: CCYX
Loading: CGLN
Loading: CGLU
Loading: CGLY
Loading: CHID
Loading: CHIE
Loading: CHIP
Loading: CHYP
Loading: CILE
Loading: CLEU
Loading: CLYS
Loading: CMET
Loading: CPHE
Loading: CPRO
Loading: CSER
Loading: CTHR
Loading: CTRP
Loading: CTYR
Loading: CVAL
Loading: NHE
Loading: NME
>> loadOff aminont12.lib
Loading library: /home/leexa/amber14/dat/leap/lib/aminont12.lib
Loading: ACE
Loading: NALA
Loading: NARG
Loading: NASN
Loading: NASP
Loading: NCYS
Loading: NCYX
Loading: NGLN
Loading: NGLU
Loading: NGLY
Loading: NHID
Loading: NHIE
Loading: NHIP
Loading: NILE
Loading: NLEU
Loading: NLYS
Loading: NMET
Loading: NPHE
Loading: NPRO
Loading: NSER
Loading: NTHR
Loading: NTRP
Loading: NTYR
Loading: NVAL
>> loadOff nucleic12.lib
Loading library: /home/leexa/amber14/dat/leap/lib/nucleic12.lib
Loading: A
Loading: A3
Loading: A5
Loading: AN
Loading: C
Loading: C3
Loading: C5
Loading: CN
Loading: DA
Loading: DA3
Loading: DA5
Loading: DAN
Loading: DC
Loading: DC3
Loading: DC5
Loading: DCN
Loading: DG
Loading: DG3
Loading: DG5
Loading: DGN
Loading: DT
Loading: DT3
Loading: DT5
Loading: DTN
Loading: G
Loading: G3
Loading: G5
Loading: GN
Loading: OHE
Loading: U
Loading: U3
Loading: U5
Loading: UN
>> #
>> #       Load water and ions
>> # 
>> loadOff atomic_ions.lib
Loading library: /home/leexa/amber14/dat/leap/lib/atomic_ions.lib
Loading: Ag
Loading: BA
Loading: BR
Loading: Be
Loading: CA
Loading: CD
Loading: CL
Loading: CO
Loading: CS
Loading: CU
Loading: Cl-
Loading: Cr
Loading: EU
Loading: F
Loading: FE2
Loading: HG
Loading: IOD
Loading: K
Loading: K+
Loading: LI
Loading: MG
Loading: MN
Loading: NA
Loading: NI
Loading: Na+
Loading: PB
Loading: PD
Loading: PT
Loading: RB
Loading: Ra
Loading: SR
Loading: Sm
Loading: Sn
Loading: V2+
Loading: YB2
Loading: ZN
>> loadOff solvents.lib
Loading library: /home/leexa/amber14/dat/leap/lib/solvents.lib
Loading: CHCL3BOX
Loading: DC4
Loading: MEOHBOX
Loading: NMABOX
Loading: OPC
Loading: OPCBOX
Loading: PL3
Loading: POL3BOX
Loading: QSPCFWBOX
Loading: SPC
Loading: SPCBOX
Loading: SPCFWBOX
Loading: SPF
Loading: SPG
Loading: T4E
Loading: TIP3PBOX
Loading: TIP3PFBOX
Loading: TIP4PBOX
Loading: TIP4PEWBOX
Loading: TIP5PBOX
Loading: TP3
Loading: TP4
Loading: TP5
Loading: TPF
>> HOH = TP3
>> WAT = TP3
>> 
>> #
>> #	Define the PDB name map for the amino acids and nucleic acids
>> #
>> addPdbResMap {
>>   { 0 "HYP" "NHYP" } { 1 "HYP" "CHYP" }
>>   { 0 "ALA" "NALA" } { 1 "ALA" "CALA" }
>>   { 0 "ARG" "NARG" } { 1 "ARG" "CARG" }
>>   { 0 "ASN" "NASN" } { 1 "ASN" "CASN" }
>>   { 0 "ASP" "NASP" } { 1 "ASP" "CASP" }
>>   { 0 "CYS" "NCYS" } { 1 "CYS" "CCYS" }
>>   { 0 "CYX" "NCYX" } { 1 "CYX" "CCYX" }
>>   { 0 "GLN" "NGLN" } { 1 "GLN" "CGLN" }
>>   { 0 "GLU" "NGLU" } { 1 "GLU" "CGLU" }
>>   { 0 "GLY" "NGLY" } { 1 "GLY" "CGLY" }
>>   { 0 "HID" "NHID" } { 1 "HID" "CHID" }
>>   { 0 "HIE" "NHIE" } { 1 "HIE" "CHIE" }
>>   { 0 "HIP" "NHIP" } { 1 "HIP" "CHIP" }
>>   { 0 "ILE" "NILE" } { 1 "ILE" "CILE" }
>>   { 0 "LEU" "NLEU" } { 1 "LEU" "CLEU" }
>>   { 0 "LYS" "NLYS" } { 1 "LYS" "CLYS" }
>>   { 0 "MET" "NMET" } { 1 "MET" "CMET" }
>>   { 0 "PHE" "NPHE" } { 1 "PHE" "CPHE" }
>>   { 0 "PRO" "NPRO" } { 1 "PRO" "CPRO" }
>>   { 0 "SER" "NSER" } { 1 "SER" "CSER" }
>>   { 0 "THR" "NTHR" } { 1 "THR" "CTHR" }
>>   { 0 "TRP" "NTRP" } { 1 "TRP" "CTRP" }
>>   { 0 "TYR" "NTYR" } { 1 "TYR" "CTYR" }
>>   { 0 "VAL" "NVAL" } { 1 "VAL" "CVAL" }
>>   { 0 "HIS" "NHIS" } { 1 "HIS" "CHIS" }
>>   { 0 "G" "G5"  } { 1 "G" "G3"  } 
>>   { 0 "A" "A5"  } { 1 "A" "A3"  } 
>>   { 0 "C" "C5"  } { 1 "C" "C3"  } 
>>   { 0 "U" "U5"  } { 1 "U" "U3"  } 
>>   { 0 "DG" "DG5"  } { 1 "DG" "DG3"  }  
>>   { 0 "DA" "DA5"  } { 1 "DA" "DA3"  }  
>>   { 0 "DC" "DC5"  } { 1 "DC" "DC3"  }  
>>   { 0 "DT" "DT5"  } { 1 "DT" "DT3"  }  
>> #  some old Amber residue names for RNA:
>>   { 0  "RA5" "A5" } { 1 "RA3" "A3"} {"RA" "A" }
>>   { 0  "RC5" "C5" } { 1 "RC3" "C3"} {"RC" "C" }
>>   { 0  "RG5" "G5" } { 1 "RG3" "G3"} {"RG" "G" }
>>   { 0  "RU5" "U5" } { 1 "RU3" "U3"} {"RU" "U" }
>> #  some really old Amber residue names, assuming DNA:
>>   { 0 "GUA" "DG5"  } { 1 "GUA" "DG3"  } { "GUA" "DG" }
>>   { 0 "ADE" "DA5"  } { 1 "ADE" "DA3"  } { "ADE" "DA" }
>>   { 0 "CYT" "DC5"  } { 1 "CYT" "DC3"  } { "CYT" "DC" }
>>   { 0 "THY" "DT5"  } { 1 "THY" "DT3"  } { "THY" "DT" }
>> #  uncomment out the following if you have this old style RNA files:
>> # { 0 "GUA" "G5"  } { 1 "GUA" "G3"  } { "GUA" "G" }
>> # { 0 "ADE" "A5"  } { 1 "ADE" "A3"  } { "ADE" "A" }
>> # { 0 "CYT" "C5"  } { 1 "CYT" "C3"  } { "CYT" "C" }
>> # { 0 "THY" "T5"  } { 1 "THY" "T3"  } { "THY" "T" }
>> 
>> }
>> 
>> #  try to be good about reading in really old atom names as well:
>> addPdbAtomMap {
>>   { "O5*" "O5'" }
>>   { "C5*" "C5'" }
>>   { "C4*" "C4'" }
>>   { "O4*" "O4'" }
>>   { "C3*" "C3'" }
>>   { "O3*" "O3'" }
>>   { "C2*" "C2'" }
>>   { "O2*" "O2'" }
>>   { "C1*" "C1'" }
>>   { "C5M" "C7"  }
>>   { "H1*" "H1'" }
>>   { "H2*1" "H2'" }
>>   { "H2*2" "H2''" }
>>   { "H2'1" "H2'" }
>>   { "H2'2" "H2''" }
>>   { "H3*" "H3'" }
>>   { "H4*" "H4'" }
>>   { "H5*1" "H5'" }
>>   { "H5*2" "H5''" }
>>   { "H5'1" "H5'" }
>>   { "H5'2" "H5''" }
>>   { "HO'2" "HO2'" }
>>   { "H5T"  "HO5'" }
>>   { "H3T"  "HO3'" }
>>   { "O1'" "O4'" }
>>   { "OA"  "OP1" }
>>   { "OB"  "OP2" }
>>   { "O1P" "OP1" }
>>   { "O2P" "OP2" }
>> }
>> 
>> #
>> # assume that most often proteins use HIE
>> #
>> NHIS = NHIE
>> HIS = HIE
>> CHIS = CHIE
> 
> y = loadPDB OUT_DNA_2cky.pdb
Loading PDB file: ./OUT_DNA_2cky.pdb
Enter zPdbReadScan from call depth  0.
Exit  zPdbReadScan from call depth  0.
Matching PDB residue names to LEaP variables.
Mapped residue DG, term: Terminal/last, seq. number: 0 to: DG3.
Mapped residue DG, term: Terminal/last, seq. number: 1 to: DG3.
Mapped residue DG, term: Terminal/last, seq. number: 2 to: DG3.
Mapped residue DA, term: Terminal/last, seq. number: 3 to: DA3.
Mapped residue DC, term: Terminal/last, seq. number: 4 to: DC3.
Mapped residue DC, term: Terminal/last, seq. number: 5 to: DC3.
Mapped residue DA, term: Terminal/last, seq. number: 6 to: DA3.
Mapped residue DG, term: Terminal/last, seq. number: 7 to: DG3.
Mapped residue DG, term: Terminal/last, seq. number: 8 to: DG3.
Mapped residue DG, term: Terminal/last, seq. number: 9 to: DG3.
Mapped residue DG, term: Terminal/last, seq. number: 10 to: DG3.
Mapped residue DT, term: Terminal/last, seq. number: 11 to: DT3.
Mapped residue DG, term: Terminal/last, seq. number: 12 to: DG3.
Mapped residue DC, term: Terminal/last, seq. number: 13 to: DC3.
Mapped residue DT, term: Terminal/last, seq. number: 14 to: DT3.
Mapped residue DT, term: Terminal/last, seq. number: 15 to: DT3.
Mapped residue DG, term: Terminal/last, seq. number: 16 to: DG3.
Mapped residue DT, term: Terminal/last, seq. number: 17 to: DT3.
Mapped residue DT, term: Terminal/last, seq. number: 18 to: DT3.
Mapped residue DC, term: Terminal/last, seq. number: 19 to: DC3.
Mapped residue DA, term: Terminal/last, seq. number: 20 to: DA3.
Mapped residue DC, term: Terminal/last, seq. number: 21 to: DC3.
Mapped residue DA, term: Terminal/last, seq. number: 22 to: DA3.
Mapped residue DG, term: Terminal/last, seq. number: 23 to: DG3.
Mapped residue DG, term: Terminal/last, seq. number: 24 to: DG3.
Mapped residue DC, term: Terminal/last, seq. number: 25 to: DC3.
Mapped residue DT, term: Terminal/last, seq. number: 26 to: DT3.
Mapped residue DG, term: Terminal/last, seq. number: 27 to: DG3.
Mapped residue DA, term: Terminal/last, seq. number: 28 to: DA3.
Mapped residue DG, term: Terminal/last, seq. number: 29 to: DG3.
Mapped residue DA, term: Terminal/last, seq. number: 30 to: DA3.
Mapped residue DA, term: Terminal/last, seq. number: 31 to: DA3.
Mapped residue DA, term: Terminal/last, seq. number: 32 to: DA3.
Mapped residue DG, term: Terminal/last, seq. number: 33 to: DG3.
Mapped residue DT, term: Terminal/last, seq. number: 34 to: DT3.
Mapped residue DC, term: Terminal/last, seq. number: 35 to: DC3.
Mapped residue DC, term: Terminal/last, seq. number: 36 to: DC3.
Mapped residue DC, term: Terminal/last, seq. number: 37 to: DC3.
Mapped residue DT, term: Terminal/last, seq. number: 38 to: DT3.
Mapped residue DT, term: Terminal/last, seq. number: 39 to: DT3.
Mapped residue DT, term: Terminal/last, seq. number: 40 to: DT3.
Mapped residue DG, term: Terminal/last, seq. number: 41 to: DG3.
Mapped residue DA, term: Terminal/last, seq. number: 42 to: DA3.
Mapped residue DA, term: Terminal/last, seq. number: 43 to: DA3.
Mapped residue DC, term: Terminal/last, seq. number: 44 to: DC3.
Mapped residue DC, term: Terminal/last, seq. number: 45 to: DC3.
Mapped residue DT, term: Terminal/last, seq. number: 46 to: DT3.
Mapped residue DG, term: Terminal/last, seq. number: 47 to: DG3.
Mapped residue DA, term: Terminal/last, seq. number: 48 to: DA3.
Mapped residue DA, term: Terminal/last, seq. number: 49 to: DA3.
Mapped residue DC, term: Terminal/last, seq. number: 50 to: DC3.
Mapped residue DA, term: Terminal/last, seq. number: 51 to: DA3.
Mapped residue DG, term: Terminal/last, seq. number: 52 to: DG3.
Mapped residue DG, term: Terminal/last, seq. number: 53 to: DG3.
Mapped residue DG, term: Terminal/last, seq. number: 54 to: DG3.
Mapped residue DT, term: Terminal/last, seq. number: 55 to: DT3.
Mapped residue DA, term: Terminal/last, seq. number: 56 to: DA3.
Mapped residue DA, term: Terminal/last, seq. number: 57 to: DA3.
Mapped residue DT, term: Terminal/last, seq. number: 58 to: DT3.
Mapped residue DG, term: Terminal/last, seq. number: 59 to: DG3.
Mapped residue DC, term: Terminal/last, seq. number: 60 to: DC3.
Mapped residue DC, term: Terminal/last, seq. number: 61 to: DC3.
Mapped residue DT, term: Terminal/last, seq. number: 62 to: DT3.
Mapped residue DG, term: Terminal/last, seq. number: 63 to: DG3.
Mapped residue DC, term: Terminal/last, seq. number: 64 to: DC3.
Mapped residue DG, term: Terminal/last, seq. number: 65 to: DG3.
Mapped residue DC, term: Terminal/last, seq. number: 66 to: DC3.
Mapped residue DA, term: Terminal/last, seq. number: 67 to: DA3.
Mapped residue DG, term: Terminal/last, seq. number: 68 to: DG3.
Mapped residue DG, term: Terminal/last, seq. number: 69 to: DG3.
Mapped residue DG, term: Terminal/last, seq. number: 70 to: DG3.
Mapped residue DA, term: Terminal/last, seq. number: 71 to: DA3.
Mapped residue DG, term: Terminal/last, seq. number: 72 to: DG3.
Mapped residue DT, term: Terminal/last, seq. number: 73 to: DT3.
Mapped residue DG, term: Terminal/last, seq. number: 74 to: DG3.
Mapped residue DT, term: Terminal/last, seq. number: 75 to: DT3.
Mapped residue DC, term: Terminal/last, seq. number: 76 to: DC3.
Mapped residue DG, term: Terminal/last, seq. number: 77 to: DG3.
Mapped residue DG, term: Terminal/last, seq. number: 78 to: DG3.
Mapped residue DG, term: Terminal/last, seq. number: 79 to: DG3.
Mapped residue DA, term: Terminal/last, seq. number: 80 to: DA3.
Mapped residue DC, term: Terminal/last, seq. number: 81 to: DC3.
Mapped residue DC, term: Terminal/last, seq. number: 82 to: DC3.
Mapped residue DA, term: Terminal/last, seq. number: 83 to: DA3.
Mapped residue DG, term: Terminal/last, seq. number: 84 to: DG3.
Mapped residue DG, term: Terminal/last, seq. number: 85 to: DG3.
Mapped residue DG, term: Terminal/last, seq. number: 86 to: DG3.
Mapped residue DG, term: Terminal/last, seq. number: 87 to: DG3.
Mapped residue DT, term: Terminal/last, seq. number: 88 to: DT3.
Mapped residue DG, term: Terminal/last, seq. number: 89 to: DG3.
Mapped residue DC, term: Terminal/last, seq. number: 90 to: DC3.
Mapped residue DT, term: Terminal/last, seq. number: 91 to: DT3.
Mapped residue DT, term: Terminal/last, seq. number: 92 to: DT3.
Mapped residue DG, term: Terminal/last, seq. number: 93 to: DG3.
Mapped residue DT, term: Terminal/last, seq. number: 94 to: DT3.
Mapped residue DT, term: Terminal/last, seq. number: 95 to: DT3.
Mapped residue DC, term: Terminal/last, seq. number: 96 to: DC3.
Mapped residue DA, term: Terminal/last, seq. number: 97 to: DA3.
Mapped residue DC, term: Terminal/last, seq. number: 98 to: DC3.
Mapped residue DA, term: Terminal/last, seq. number: 99 to: DA3.
Mapped residue DG, term: Terminal/last, seq. number: 100 to: DG3.
Mapped residue DG, term: Terminal/last, seq. number: 101 to: DG3.
Mapped residue DC, term: Terminal/last, seq. number: 102 to: DC3.
Mapped residue DT, term: Terminal/last, seq. number: 103 to: DT3.
Mapped residue DG, term: Terminal/last, seq. number: 104 to: DG3.
Mapped residue DA, term: Terminal/last, seq. number: 105 to: DA3.
Mapped residue DG, term: Terminal/last, seq. number: 106 to: DG3.
Mapped residue DA, term: Terminal/last, seq. number: 107 to: DA3.
Mapped residue DA, term: Terminal/last, seq. number: 108 to: DA3.
Mapped residue DA, term: Terminal/last, seq. number: 109 to: DA3.
Mapped residue DG, term: Terminal/last, seq. number: 110 to: DG3.
Mapped residue DT, term: Terminal/last, seq. number: 111 to: DT3.
Mapped residue DC, term: Terminal/last, seq. number: 112 to: DC3.
Mapped residue DC, term: Terminal/last, seq. number: 113 to: DC3.
Mapped residue DC, term: Terminal/last, seq. number: 114 to: DC3.
Mapped residue DT, term: Terminal/last, seq. number: 115 to: DT3.
Mapped residue DT, term: Terminal/last, seq. number: 116 to: DT3.
Mapped residue DT, term: Terminal/last, seq. number: 117 to: DT3.
Mapped residue DG, term: Terminal/last, seq. number: 118 to: DG3.
Mapped residue DA, term: Terminal/last, seq. number: 119 to: DA3.
Mapped residue DA, term: Terminal/last, seq. number: 120 to: DA3.
Mapped residue DC, term: Terminal/last, seq. number: 121 to: DC3.
Mapped residue DC, term: Terminal/last, seq. number: 122 to: DC3.
Mapped residue DT, term: Terminal/last, seq. number: 123 to: DT3.
Mapped residue DG, term: Terminal/last, seq. number: 124 to: DG3.
Mapped residue DA, term: Terminal/last, seq. number: 125 to: DA3.
Mapped residue DA, term: Terminal/last, seq. number: 126 to: DA3.
Mapped residue DC, term: Terminal/last, seq. number: 127 to: DC3.
Mapped residue DA, term: Terminal/last, seq. number: 128 to: DA3.
Mapped residue DG, term: Terminal/last, seq. number: 129 to: DG3.
Mapped residue DG, term: Terminal/last, seq. number: 130 to: DG3.
Mapped residue DG, term: Terminal/last, seq. number: 131 to: DG3.
Mapped residue DT, term: Terminal/last, seq. number: 132 to: DT3.
Mapped residue DA, term: Terminal/last, seq. number: 133 to: DA3.
Mapped residue DA, term: Terminal/last, seq. number: 134 to: DA3.
Mapped residue DT, term: Terminal/last, seq. number: 135 to: DT3.
Mapped residue DG, term: Terminal/last, seq. number: 136 to: DG3.
Mapped residue DC, term: Terminal/last, seq. number: 137 to: DC3.
Mapped residue DC, term: Terminal/last, seq. number: 138 to: DC3.
Mapped residue DT, term: Terminal/last, seq. number: 139 to: DT3.
Mapped residue DG, term: Terminal/last, seq. number: 140 to: DG3.
Mapped residue DC, term: Terminal/last, seq. number: 141 to: DC3.
Mapped residue DG, term: Terminal/last, seq. number: 142 to: DG3.
Mapped residue DC, term: Terminal/last, seq. number: 143 to: DC3.
Mapped residue DA, term: Terminal/last, seq. number: 144 to: DA3.
Mapped residue DG, term: Terminal/last, seq. number: 145 to: DG3.
Mapped residue DG, term: Terminal/last, seq. number: 146 to: DG3.
Mapped residue DG, term: Terminal/last, seq. number: 147 to: DG3.
Mapped residue DA, term: Terminal/last, seq. number: 148 to: DA3.
Mapped residue DG, term: Terminal/last, seq. number: 149 to: DG3.
Mapped residue DT, term: Terminal/last, seq. number: 150 to: DT3.
Mapped residue DG, term: Terminal/last, seq. number: 151 to: DG3.
Mapped residue DT, term: Terminal/last, seq. number: 152 to: DT3.
Mapped residue DC, term: Terminal/last, seq. number: 153 to: DC3.
(Residue 154: MG, Terminal/last, was not found in name map.)
(Residue 155: MG, Terminal/last, was not found in name map.)
(Residue 156: MG, Terminal/last, was not found in name map.)
(Residue 157: MG, Terminal/last, was not found in name map.)
(Residue 158: MG, Terminal/last, was not found in name map.)
(Residue 159: OS, Terminal/last, was not found in name map.)
Unknown residue: OS   number: 159   type: Terminal/last
..relaxing end constraints to try for a dbase match
  -no luck
(Residue 160: TPP, Terminal/last, was not found in name map.)
Unknown residue: TPP   number: 160   type: Terminal/last
..relaxing end constraints to try for a dbase match
  -no luck
(Residue 161: OS, Terminal/last, was not found in name map.)
Unknown residue: OS   number: 161   type: Terminal/last
..relaxing end constraints to try for a dbase match
  -no luck
(Residue 162: OS, Terminal/last, was not found in name map.)
Unknown residue: OS   number: 162   type: Terminal/last
..relaxing end constraints to try for a dbase match
  -no luck
(Residue 163: OS, Terminal/last, was not found in name map.)
Unknown residue: OS   number: 163   type: Terminal/last
..relaxing end constraints to try for a dbase match
  -no luck
(Residue 164: OS, Terminal/last, was not found in name map.)
Unknown residue: OS   number: 164   type: Terminal/last
..relaxing end constraints to try for a dbase match
  -no luck
(Residue 165: MG, Terminal/last, was not found in name map.)
(Residue 166: MG, Terminal/last, was not found in name map.)
(Residue 167: MG, Terminal/last, was not found in name map.)
(Residue 168: OS, Terminal/last, was not found in name map.)
Unknown residue: OS   number: 168   type: Terminal/last
..relaxing end constraints to try for a dbase match
  -no luck
(Residue 169: TPP, Terminal/last, was not found in name map.)
Unknown residue: TPP   number: 169   type: Terminal/last
..relaxing end constraints to try for a dbase match
  -no luck
(Residue 170: MG, Terminal/last, was not found in name map.)
(Residue 171: MG, Terminal/last, was not found in name map.)
(Residue 172: OS, Terminal/last, was not found in name map.)
Unknown residue: OS   number: 172   type: Terminal/last
..relaxing end constraints to try for a dbase match
  -no luck
(Residue 173: OS, Terminal/last, was not found in name map.)
Unknown residue: OS   number: 173   type: Terminal/last
..relaxing end constraints to try for a dbase match
  -no luck
(Residue 174: OS, Terminal/last, was not found in name map.)
Unknown residue: OS   number: 174   type: Terminal/last
..relaxing end constraints to try for a dbase match
  -no luck
(Residue 175: OS, Terminal/last, was not found in name map.)
Unknown residue: OS   number: 175   type: Terminal/last
..relaxing end constraints to try for a dbase match
  -no luck
(Residue 176: OS, Terminal/last, was not found in name map.)
Unknown residue: OS   number: 176   type: Terminal/last
..relaxing end constraints to try for a dbase match
  -no luck
(Residue 177: OS, Terminal/last, was not found in name map.)
Unknown residue: OS   number: 177   type: Terminal/last
..relaxing end constraints to try for a dbase match
  -no luck
  Added missing heavy atom: .R<DT3 12>.A<C7 17>
  Added missing heavy atom: .R<DT3 15>.A<C7 17>
  Added missing heavy atom: .R<DT3 16>.A<C7 17>
  Added missing heavy atom: .R<DT3 18>.A<C7 17>
  Added missing heavy atom: .R<DT3 19>.A<C7 17>
  Added missing heavy atom: .R<DT3 27>.A<C7 17>
  Added missing heavy atom: .R<DT3 35>.A<C7 17>
  Added missing heavy atom: .R<DT3 39>.A<C7 17>
  Added missing heavy atom: .R<DT3 40>.A<C7 17>
  Added missing heavy atom: .R<DT3 41>.A<C7 17>
  Added missing heavy atom: .R<DT3 47>.A<C7 17>
  Added missing heavy atom: .R<DT3 56>.A<C7 17>
  Added missing heavy atom: .R<DT3 59>.A<C7 17>
  Added missing heavy atom: .R<DT3 63>.A<C7 17>
  Added missing heavy atom: .R<DT3 74>.A<C7 17>
  Added missing heavy atom: .R<DT3 76>.A<C7 17>
  Added missing heavy atom: .R<DT3 89>.A<C7 17>
  Added missing heavy atom: .R<DT3 92>.A<C7 17>
  Added missing heavy atom: .R<DT3 93>.A<C7 17>
  Added missing heavy atom: .R<DT3 95>.A<C7 17>
  Added missing heavy atom: .R<DT3 96>.A<C7 17>
  Added missing heavy atom: .R<DT3 104>.A<C7 17>
  Added missing heavy atom: .R<DT3 112>.A<C7 17>
  Added missing heavy atom: .R<DT3 116>.A<C7 17>
  Added missing heavy atom: .R<DT3 117>.A<C7 17>
  Added missing heavy atom: .R<DT3 118>.A<C7 17>
  Added missing heavy atom: .R<DT3 124>.A<C7 17>
  Added missing heavy atom: .R<DT3 133>.A<C7 17>
  Added missing heavy atom: .R<DT3 136>.A<C7 17>
  Added missing heavy atom: .R<DT3 140>.A<C7 17>
  Added missing heavy atom: .R<DT3 151>.A<C7 17>
  Added missing heavy atom: .R<DT3 153>.A<C7 17>
Creating new UNIT for residue: OS sequence: 160
Created a new atom named: OS within residue: .R<OS 160>
Creating new UNIT for residue: TPP sequence: 161
Created a new atom named: N1' within residue: .R<TPP 161>
Created a new atom named: C2' within residue: .R<TPP 161>
Created a new atom named: CM2 within residue: .R<TPP 161>
Created a new atom named: N3' within residue: .R<TPP 161>
Created a new atom named: C4' within residue: .R<TPP 161>
Created a new atom named: N4' within residue: .R<TPP 161>
Created a new atom named: C5' within residue: .R<TPP 161>
Created a new atom named: C6' within residue: .R<TPP 161>
Created a new atom named: C7' within residue: .R<TPP 161>
Created a new atom named: N3 within residue: .R<TPP 161>
Created a new atom named: C2 within residue: .R<TPP 161>
Created a new atom named: S1 within residue: .R<TPP 161>
Created a new atom named: C5 within residue: .R<TPP 161>
Created a new atom named: C4 within residue: .R<TPP 161>
Created a new atom named: CM4 within residue: .R<TPP 161>
Created a new atom named: C6 within residue: .R<TPP 161>
Created a new atom named: C7 within residue: .R<TPP 161>
Created a new atom named: O7 within residue: .R<TPP 161>
Created a new atom named: PA within residue: .R<TPP 161>
Created a new atom named: O1A within residue: .R<TPP 161>
Created a new atom named: O2A within residue: .R<TPP 161>
Created a new atom named: O3A within residue: .R<TPP 161>
Created a new atom named: PB within residue: .R<TPP 161>
Created a new atom named: O1B within residue: .R<TPP 161>
Created a new atom named: O2B within residue: .R<TPP 161>
Created a new atom named: O3B within residue: .R<TPP 161>
Creating new UNIT for residue: OS sequence: 162
Created a new atom named: OS within residue: .R<OS 162>
Creating new UNIT for residue: OS sequence: 163
Created a new atom named: OS within residue: .R<OS 163>
Creating new UNIT for residue: OS sequence: 164
Created a new atom named: OS within residue: .R<OS 164>
Creating new UNIT for residue: OS sequence: 165
Created a new atom named: OS within residue: .R<OS 165>
Creating new UNIT for residue: OS sequence: 169
Created a new atom named: OS within residue: .R<OS 169>
Creating new UNIT for residue: TPP sequence: 170
Created a new atom named: N1' within residue: .R<TPP 170>
Created a new atom named: C2' within residue: .R<TPP 170>
Created a new atom named: CM2 within residue: .R<TPP 170>
Created a new atom named: N3' within residue: .R<TPP 170>
Created a new atom named: C4' within residue: .R<TPP 170>
Created a new atom named: N4' within residue: .R<TPP 170>
Created a new atom named: C5' within residue: .R<TPP 170>
Created a new atom named: C6' within residue: .R<TPP 170>
Created a new atom named: C7' within residue: .R<TPP 170>
Created a new atom named: N3 within residue: .R<TPP 170>
Created a new atom named: C2 within residue: .R<TPP 170>
Created a new atom named: S1 within residue: .R<TPP 170>
Created a new atom named: C5 within residue: .R<TPP 170>
Created a new atom named: C4 within residue: .R<TPP 170>
Created a new atom named: CM4 within residue: .R<TPP 170>
Created a new atom named: C6 within residue: .R<TPP 170>
Created a new atom named: C7 within residue: .R<TPP 170>
Created a new atom named: O7 within residue: .R<TPP 170>
Created a new atom named: PA within residue: .R<TPP 170>
Created a new atom named: O1A within residue: .R<TPP 170>
Created a new atom named: O2A within residue: .R<TPP 170>
Created a new atom named: O3A within residue: .R<TPP 170>
Created a new atom named: PB within residue: .R<TPP 170>
Created a new atom named: O1B within residue: .R<TPP 170>
Created a new atom named: O2B within residue: .R<TPP 170>
Created a new atom named: O3B within residue: .R<TPP 170>
Creating new UNIT for residue: OS sequence: 173
Created a new atom named: OS within residue: .R<OS 173>
Creating new UNIT for residue: OS sequence: 174
Created a new atom named: OS within residue: .R<OS 174>
Creating new UNIT for residue: OS sequence: 175
Created a new atom named: OS within residue: .R<OS 175>
Creating new UNIT for residue: OS sequence: 176
Created a new atom named: OS within residue: .R<OS 176>
Creating new UNIT for residue: OS sequence: 177
Created a new atom named: OS within residue: .R<OS 177>
Creating new UNIT for residue: OS sequence: 178
Created a new atom named: OS within residue: .R<OS 178>
  total atoms in file: 3230
  Leap added 1912 missing atoms according to residue templates:
       32 Heavy
       1880 H / lone pairs
  The file contained 64 atoms not in residue templates
> check y
Checking 'y'....
ERROR: The unperturbed charge of the unit: -86.583400 is not integral.
WARNING: The unperturbed charge of the unit: -86.583400 is not zero.
FATAL:  Atom .R<OS 160>.A<OS 1> does not have a type.
FATAL:  Atom .R<TPP 161>.A<N1' 1> does not have a type.
FATAL:  Atom .R<TPP 161>.A<C2' 2> does not have a type.
FATAL:  Atom .R<TPP 161>.A<CM2 3> does not have a type.
FATAL:  Atom .R<TPP 161>.A<N3' 4> does not have a type.
FATAL:  Atom .R<TPP 161>.A<C4' 5> does not have a type.
FATAL:  Atom .R<TPP 161>.A<N4' 6> does not have a type.
FATAL:  Atom .R<TPP 161>.A<C5' 7> does not have a type.
FATAL:  Atom .R<TPP 161>.A<C6' 8> does not have a type.
FATAL:  Atom .R<TPP 161>.A<C7' 9> does not have a type.
FATAL:  Atom .R<TPP 161>.A<N3 10> does not have a type.
FATAL:  Atom .R<TPP 161>.A<C2 11> does not have a type.
FATAL:  Atom .R<TPP 161>.A<S1 12> does not have a type.
FATAL:  Atom .R<TPP 161>.A<C5 13> does not have a type.
FATAL:  Atom .R<TPP 161>.A<C4 14> does not have a type.
FATAL:  Atom .R<TPP 161>.A<CM4 15> does not have a type.
FATAL:  Atom .R<TPP 161>.A<C6 16> does not have a type.
FATAL:  Atom .R<TPP 161>.A<C7 17> does not have a type.
FATAL:  Atom .R<TPP 161>.A<O7 18> does not have a type.
FATAL:  Atom .R<TPP 161>.A<PA 19> does not have a type.
FATAL:  Atom .R<TPP 161>.A<O1A 20> does not have a type.
FATAL:  Atom .R<TPP 161>.A<O2A 21> does not have a type.
FATAL:  Atom .R<TPP 161>.A<O3A 22> does not have a type.
FATAL:  Atom .R<TPP 161>.A<PB 23> does not have a type.
FATAL:  Atom .R<TPP 161>.A<O1B 24> does not have a type.
FATAL:  Atom .R<TPP 161>.A<O2B 25> does not have a type.
FATAL:  Atom .R<TPP 161>.A<O3B 26> does not have a type.
FATAL:  Atom .R<OS 162>.A<OS 1> does not have a type.
FATAL:  Atom .R<OS 163>.A<OS 1> does not have a type.
FATAL:  Atom .R<OS 164>.A<OS 1> does not have a type.
FATAL:  Atom .R<OS 165>.A<OS 1> does not have a type.
FATAL:  Atom .R<OS 169>.A<OS 1> does not have a type.
FATAL:  Atom .R<TPP 170>.A<N1' 1> does not have a type.
FATAL:  Atom .R<TPP 170>.A<C2' 2> does not have a type.
FATAL:  Atom .R<TPP 170>.A<CM2 3> does not have a type.
FATAL:  Atom .R<TPP 170>.A<N3' 4> does not have a type.
FATAL:  Atom .R<TPP 170>.A<C4' 5> does not have a type.
FATAL:  Atom .R<TPP 170>.A<N4' 6> does not have a type.
FATAL:  Atom .R<TPP 170>.A<C5' 7> does not have a type.
FATAL:  Atom .R<TPP 170>.A<C6' 8> does not have a type.
FATAL:  Atom .R<TPP 170>.A<C7' 9> does not have a type.
FATAL:  Atom .R<TPP 170>.A<N3 10> does not have a type.
FATAL:  Atom .R<TPP 170>.A<C2 11> does not have a type.
FATAL:  Atom .R<TPP 170>.A<S1 12> does not have a type.
FATAL:  Atom .R<TPP 170>.A<C5 13> does not have a type.
FATAL:  Atom .R<TPP 170>.A<C4 14> does not have a type.
FATAL:  Atom .R<TPP 170>.A<CM4 15> does not have a type.
FATAL:  Atom .R<TPP 170>.A<C6 16> does not have a type.
FATAL:  Atom .R<TPP 170>.A<C7 17> does not have a type.
FATAL:  Atom .R<TPP 170>.A<O7 18> does not have a type.
FATAL:  Atom .R<TPP 170>.A<PA 19> does not have a type.
FATAL:  Atom .R<TPP 170>.A<O1A 20> does not have a type.
FATAL:  Atom .R<TPP 170>.A<O2A 21> does not have a type.
FATAL:  Atom .R<TPP 170>.A<O3A 22> does not have a type.
FATAL:  Atom .R<TPP 170>.A<PB 23> does not have a type.
FATAL:  Atom .R<TPP 170>.A<O1B 24> does not have a type.
FATAL:  Atom .R<TPP 170>.A<O2B 25> does not have a type.
FATAL:  Atom .R<TPP 170>.A<O3B 26> does not have a type.
FATAL:  Atom .R<OS 173>.A<OS 1> does not have a type.
FATAL:  Atom .R<OS 174>.A<OS 1> does not have a type.
FATAL:  Atom .R<OS 175>.A<OS 1> does not have a type.
FATAL:  Atom .R<OS 176>.A<OS 1> does not have a type.
FATAL:  Atom .R<OS 177>.A<OS 1> does not have a type.
FATAL:  Atom .R<OS 178>.A<OS 1> does not have a type.
Warning: Close contact of 0.834678 angstroms between .R<DG3 1>.A<HO3' 34> and .R<DG3 2>.A<P 1>
Warning: Close contact of 0.786541 angstroms between .R<DG3 2>.A<HO3' 34> and .R<DG3 3>.A<P 1>
Warning: Close contact of 0.870091 angstroms between .R<DG3 3>.A<HO3' 34> and .R<DA3 4>.A<P 1>
Warning: Close contact of 0.965330 angstroms between .R<DA3 4>.A<HO3' 33> and .R<DC3 5>.A<P 1>
Warning: Close contact of 0.839724 angstroms between .R<DC3 5>.A<HO3' 31> and .R<DC3 6>.A<P 1>
Warning: Close contact of 1.480020 angstroms between .R<DC3 5>.A<H41 20> and .R<DG3 75>.A<O6 19>
Warning: Close contact of 0.751146 angstroms between .R<DC3 6>.A<HO3' 31> and .R<DA3 7>.A<P 1>
Warning: Close contact of 1.119654 angstroms between .R<DA3 7>.A<HO3' 33> and .R<DG3 8>.A<P 1>
Warning: Close contact of 0.828745 angstroms between .R<DG3 8>.A<HO3' 34> and .R<DG3 9>.A<P 1>
Warning: Close contact of 1.491548 angstroms between .R<DG3 8>.A<H21 24> and .R<DC3 38>.A<O2 24>
Warning: Close contact of 0.640582 angstroms between .R<DG3 9>.A<HO3' 34> and .R<DG3 10>.A<P 1>
Warning: Close contact of 0.705437 angstroms between .R<DG3 10>.A<HO3' 34> and .R<DG3 11>.A<P 1>
Warning: Close contact of 0.919969 angstroms between .R<DG3 11>.A<HO3' 34> and .R<DT3 12>.A<P 1>
Warning: Close contact of 1.490561 angstroms between .R<DT3 12>.A<HO3' 33> and .R<DG3 13>.A<OP2 3>
Warning: Close contact of 1.165617 angstroms between .R<DT3 12>.A<HO3' 33> and .R<DG3 13>.A<P 1>
Warning: Close contact of 0.709108 angstroms between .R<DG3 13>.A<HO3' 34> and .R<DC3 14>.A<P 1>
Warning: Close contact of 0.943208 angstroms between .R<DC3 14>.A<HO3' 31> and .R<DT3 15>.A<P 1>
Warning: Close contact of 1.394205 angstroms between .R<DC3 14>.A<O2 24> and .R<DG3 25>.A<H21 24>
Warning: Close contact of 0.850809 angstroms between .R<DT3 15>.A<HO3' 33> and .R<DT3 16>.A<P 1>
Warning: Close contact of 0.900048 angstroms between .R<DT3 16>.A<HO3' 33> and .R<DG3 17>.A<P 1>
Warning: Close contact of 0.733089 angstroms between .R<DG3 17>.A<HO3' 34> and .R<DT3 18>.A<P 1>
Warning: Close contact of 1.212815 angstroms between .R<DC3 20>.A<HO3' 31> and .R<DA3 21>.A<P 1>
Warning: Close contact of 1.364187 angstroms between .R<DA3 21>.A<HO3' 33> and .R<DC3 22>.A<P 1>
Warning: Close contact of 1.095380 angstroms between .R<DC3 22>.A<HO3' 31> and .R<DA3 23>.A<P 1>
Warning: Close contact of 1.062489 angstroms between .R<DA3 23>.A<HO3' 33> and .R<DG3 24>.A<P 1>
Warning: Close contact of 0.856335 angstroms between .R<DG3 24>.A<HO3' 34> and .R<DG3 25>.A<P 1>
Warning: Close contact of 0.887420 angstroms between .R<DG3 25>.A<HO3' 34> and .R<DC3 26>.A<P 1>
Warning: Close contact of 1.488841 angstroms between .R<DC3 26>.A<HO3' 31> and .R<DT3 27>.A<O5' 4>
Warning: Close contact of 1.034844 angstroms between .R<DC3 26>.A<HO3' 31> and .R<DT3 27>.A<P 1>
Warning: Close contact of 1.145327 angstroms between .R<DT3 27>.A<HO3' 33> and .R<DG3 28>.A<P 1>
Warning: Close contact of 1.412467 angstroms between .R<DG3 28>.A<HO3' 34> and .R<DA3 29>.A<P 1>
Warning: Close contact of 1.140460 angstroms between .R<DA3 29>.A<HO3' 33> and .R<DG3 30>.A<P 1>
Warning: Close contact of 1.395392 angstroms between .R<DG3 30>.A<HO3' 34> and .R<DA3 31>.A<P 1>
Warning: Close contact of 0.995107 angstroms between .R<DA3 32>.A<HO3' 33> and .R<DA3 33>.A<P 1>
Warning: Close contact of 0.686420 angstroms between .R<DA3 33>.A<HO3' 33> and .R<DG3 34>.A<P 1>
Warning: Close contact of 0.712744 angstroms between .R<DG3 34>.A<HO3' 34> and .R<DT3 35>.A<P 1>
Warning: Close contact of 1.374969 angstroms between .R<DT3 35>.A<H71 18> and .R<DC3 37>.A<H41 20>
Warning: Close contact of 0.931799 angstroms between .R<DC3 36>.A<HO3' 31> and .R<DC3 37>.A<P 1>
Warning: Close contact of 0.838307 angstroms between .R<DC3 37>.A<HO3' 31> and .R<DC3 38>.A<P 1>
Warning: Close contact of 0.741521 angstroms between .R<DC3 38>.A<HO3' 31> and .R<DT3 39>.A<P 1>
Warning: Close contact of 0.938391 angstroms between .R<DT3 39>.A<HO3' 33> and .R<DT3 40>.A<P 1>
Warning: Close contact of 1.340891 angstroms between .R<DT3 39>.A<H2'' 31> and .R<DT3 40>.A<H73 20>
Warning: Close contact of 1.239165 angstroms between .R<DT3 40>.A<HO3' 33> and .R<DT3 41>.A<P 1>
Warning: Close contact of 1.386527 angstroms between .R<DT3 41>.A<HO3' 33> and .R<DG3 42>.A<P 1>
Warning: Close contact of 1.036718 angstroms between .R<DG3 42>.A<HO3' 34> and .R<DA3 43>.A<P 1>
Warning: Close contact of 1.379061 angstroms between .R<DA3 44>.A<HO3' 33> and .R<DC3 45>.A<P 1>
Warning: Close contact of 1.042894 angstroms between .R<DC3 45>.A<HO3' 31> and .R<DC3 46>.A<P 1>
Warning: Close contact of 0.639282 angstroms between .R<DC3 46>.A<HO3' 31> and .R<DT3 47>.A<P 1>
Warning: Close contact of 1.463772 angstroms between .R<DC3 51>.A<HO3' 31> and .R<DA3 52>.A<O5' 4>
Warning: Close contact of 1.162921 angstroms between .R<DC3 51>.A<HO3' 31> and .R<DA3 52>.A<P 1>
Warning: Close contact of 0.893008 angstroms between .R<DG3 53>.A<HO3' 34> and .R<DG3 54>.A<P 1>
Warning: Close contact of 0.702743 angstroms between .R<DG3 54>.A<HO3' 34> and .R<DG3 55>.A<P 1>
Warning: Close contact of 0.774074 angstroms between .R<DG3 55>.A<HO3' 34> and .R<DT3 56>.A<P 1>
Warning: Close contact of 1.146201 angstroms between .R<DG3 55>.A<H21 24> and .R<DT3 59>.A<H71 18>
Warning: Close contact of 1.491620 angstroms between .R<DT3 56>.A<HO3' 33> and .R<DA3 57>.A<O5' 4>
Warning: Close contact of 1.005581 angstroms between .R<DT3 56>.A<HO3' 33> and .R<DA3 57>.A<P 1>
Warning: Close contact of 1.460520 angstroms between .R<DT3 56>.A<O2 26> and .R<DT3 59>.A<H73 20>
Warning: Close contact of 1.352789 angstroms between .R<DA3 57>.A<HO3' 33> and .R<DA3 58>.A<P 1>
Warning: Close contact of 1.164152 angstroms between .R<DA3 58>.A<HO3' 33> and .R<DT3 59>.A<P 1>
Warning: Close contact of 1.447221 angstroms between .R<DT3 59>.A<HO3' 33> and .R<DG3 60>.A<O5' 4>
Warning: Close contact of 1.151919 angstroms between .R<DT3 59>.A<HO3' 33> and .R<DG3 60>.A<P 1>
Warning: Close contact of 0.842148 angstroms between .R<DG3 60>.A<HO3' 34> and .R<DC3 61>.A<P 1>
Warning: Close contact of 0.759309 angstroms between .R<DC3 61>.A<HO3' 31> and .R<DC3 62>.A<P 1>
Warning: Close contact of 0.735348 angstroms between .R<DC3 62>.A<HO3' 31> and .R<DT3 63>.A<P 1>
Warning: Close contact of 1.497714 angstroms between .R<DT3 63>.A<HO3' 33> and .R<DG3 64>.A<O5' 4>
Warning: Close contact of 0.983442 angstroms between .R<DT3 63>.A<HO3' 33> and .R<DG3 64>.A<P 1>
Warning: Close contact of 1.022780 angstroms between .R<DG3 64>.A<HO3' 34> and .R<DC3 65>.A<P 1>
Warning: Close contact of 1.414964 angstroms between .R<DG3 64>.A<H8 15> and .R<DG3 64>.A<H5'' 7>
Warning: Close contact of 0.708434 angstroms between .R<DC3 65>.A<HO3' 31> and .R<DG3 66>.A<P 1>
Warning: Close contact of 1.110031 angstroms between .R<DC3 67>.A<HO3' 31> and .R<DA3 68>.A<P 1>
Warning: Close contact of 0.677204 angstroms between .R<DA3 68>.A<HO3' 33> and .R<DG3 69>.A<P 1>
Warning: Close contact of 1.315259 angstroms between .R<DG3 69>.A<HO3' 34> and .R<DG3 70>.A<P 1>
Warning: Close contact of 0.663775 angstroms between .R<DG3 70>.A<HO3' 34> and .R<DG3 71>.A<P 1>
Warning: Close contact of 1.019042 angstroms between .R<DA3 72>.A<HO3' 33> and .R<DG3 73>.A<P 1>
Warning: Close contact of 0.908935 angstroms between .R<DG3 73>.A<HO3' 34> and .R<DT3 74>.A<P 1>
Warning: Close contact of 1.170459 angstroms between .R<DG3 75>.A<HO3' 34> and .R<DT3 76>.A<P 1>
Warning: Close contact of 1.065442 angstroms between .R<DT3 76>.A<HO3' 33> and .R<DC3 77>.A<P 1>
Warning: Close contact of 0.669948 angstroms between .R<DG3 78>.A<HO3' 34> and .R<DG3 79>.A<P 1>
Warning: Close contact of 1.160501 angstroms between .R<DG3 79>.A<HO3' 34> and .R<DG3 80>.A<P 1>
Warning: Close contact of 1.174111 angstroms between .R<DG3 80>.A<HO3' 34> and .R<DA3 81>.A<P 1>
Warning: Close contact of 0.843908 angstroms between .R<DA3 81>.A<HO3' 33> and .R<DC3 82>.A<P 1>
Warning: Close contact of 0.958094 angstroms between .R<DC3 82>.A<HO3' 31> and .R<DC3 83>.A<P 1>
Warning: Close contact of 1.118574 angstroms between .R<DC3 83>.A<HO3' 31> and .R<DA3 84>.A<P 1>
Warning: Close contact of 1.480333 angstroms between .R<DC3 83>.A<H41 20> and .R<DG3 150>.A<H1 21>
Warning: Close contact of 1.064398 angstroms between .R<DA3 84>.A<HO3' 33> and .R<DG3 85>.A<P 1>
Warning: Close contact of 0.772467 angstroms between .R<DG3 85>.A<HO3' 34> and .R<DG3 86>.A<P 1>
Warning: Close contact of 1.184691 angstroms between .R<DG3 86>.A<HO3' 34> and .R<DG3 87>.A<P 1>
Warning: Close contact of 1.374750 angstroms between .R<DG3 87>.A<HO3' 34> and .R<DG3 88>.A<P 1>
Warning: Close contact of 1.098065 angstroms between .R<DG3 88>.A<HO3' 34> and .R<DT3 89>.A<P 1>
Warning: Close contact of 1.017781 angstroms between .R<DG3 90>.A<HO3' 34> and .R<DC3 91>.A<P 1>
Warning: Close contact of 1.452888 angstroms between .R<DG3 90>.A<H21 24> and .R<DC3 103>.A<O2 24>
Warning: Close contact of 0.966709 angstroms between .R<DC3 91>.A<HO3' 31> and .R<DT3 92>.A<P 1>
Warning: Close contact of 1.160582 angstroms between .R<DT3 92>.A<HO3' 33> and .R<DT3 93>.A<P 1>
Warning: Close contact of 0.656868 angstroms between .R<DT3 93>.A<HO3' 33> and .R<DG3 94>.A<P 1>
Warning: Close contact of 0.680542 angstroms between .R<DG3 94>.A<HO3' 34> and .R<DT3 95>.A<P 1>
Warning: Close contact of 1.490488 angstroms between .R<DT3 96>.A<O4 22> and .R<DA3 98>.A<H62 21>
Warning: Close contact of 1.049080 angstroms between .R<DC3 97>.A<HO3' 31> and .R<DA3 98>.A<P 1>
Warning: Close contact of 1.294343 angstroms between .R<DA3 98>.A<HO3' 33> and .R<DC3 99>.A<P 1>
Warning: Close contact of 0.974250 angstroms between .R<DC3 99>.A<HO3' 31> and .R<DA3 100>.A<P 1>
Warning: Close contact of 1.102792 angstroms between .R<DA3 100>.A<HO3' 33> and .R<DG3 101>.A<P 1>
Warning: Close contact of 0.908368 angstroms between .R<DG3 101>.A<HO3' 34> and .R<DG3 102>.A<P 1>
Warning: Close contact of 1.006172 angstroms between .R<DG3 102>.A<HO3' 34> and .R<DC3 103>.A<P 1>
Warning: Close contact of 0.863954 angstroms between .R<DC3 103>.A<HO3' 31> and .R<DT3 104>.A<P 1>
Warning: Close contact of 1.269192 angstroms between .R<DT3 104>.A<HO3' 33> and .R<DG3 105>.A<P 1>
Warning: Close contact of 1.194928 angstroms between .R<DA3 106>.A<HO3' 33> and .R<DG3 107>.A<P 1>
Warning: Close contact of 1.142566 angstroms between .R<DG3 107>.A<HO3' 34> and .R<DA3 108>.A<P 1>
Warning: Close contact of 1.371882 angstroms between .R<DA3 108>.A<HO3' 33> and .R<DA3 109>.A<P 1>
Warning: Close contact of 0.697959 angstroms between .R<DA3 110>.A<HO3' 33> and .R<DG3 111>.A<P 1>
Warning: Close contact of 0.692773 angstroms between .R<DG3 111>.A<HO3' 34> and .R<DT3 112>.A<P 1>
Warning: Close contact of 0.864150 angstroms between .R<DT3 112>.A<HO3' 33> and .R<DC3 113>.A<P 1>
Warning: Close contact of 0.915366 angstroms between .R<DC3 113>.A<HO3' 31> and .R<DC3 114>.A<P 1>
Warning: Close contact of 0.981636 angstroms between .R<DC3 114>.A<HO3' 31> and .R<DC3 115>.A<P 1>
Warning: Close contact of 1.195070 angstroms between .R<DC3 115>.A<HO3' 31> and .R<DT3 116>.A<P 1>
Warning: Close contact of 1.021133 angstroms between .R<DT3 116>.A<HO3' 33> and .R<DT3 117>.A<P 1>
Warning: Close contact of 1.197717 angstroms between .R<DT3 117>.A<HO3' 33> and .R<DT3 118>.A<P 1>
Warning: Close contact of 0.882467 angstroms between .R<DT3 118>.A<HO3' 33> and .R<DG3 119>.A<P 1>
Warning: Close contact of 0.923221 angstroms between .R<DG3 119>.A<HO3' 34> and .R<DA3 120>.A<P 1>
Warning: Close contact of 1.376550 angstroms between .R<DA3 121>.A<HO3' 33> and .R<DC3 122>.A<P 1>
Warning: Close contact of 1.110910 angstroms between .R<DC3 122>.A<HO3' 31> and .R<DC3 123>.A<P 1>
Warning: Close contact of 0.777852 angstroms between .R<DC3 123>.A<HO3' 31> and .R<DT3 124>.A<P 1>
Warning: Close contact of 1.394568 angstroms between .R<DA3 127>.A<HO3' 33> and .R<DC3 128>.A<H5' 6>
Warning: Close contact of 1.035382 angstroms between .R<DA3 129>.A<HO3' 33> and .R<DG3 130>.A<P 1>
Warning: Close contact of 0.884788 angstroms between .R<DG3 130>.A<HO3' 34> and .R<DG3 131>.A<P 1>
Warning: Close contact of 0.652615 angstroms between .R<DG3 131>.A<HO3' 34> and .R<DG3 132>.A<P 1>
Warning: Close contact of 1.454896 angstroms between .R<DG3 132>.A<HO3' 34> and .R<DT3 133>.A<O5' 4>
Warning: Close contact of 1.040532 angstroms between .R<DG3 132>.A<HO3' 34> and .R<DT3 133>.A<P 1>
Warning: Close contact of 0.986387 angstroms between .R<DG3 132>.A<H21 24> and .R<DT3 136>.A<H71 18>
Warning: Close contact of 0.940057 angstroms between .R<DT3 133>.A<HO3' 33> and .R<DA3 134>.A<P 1>
Warning: Close contact of 1.333155 angstroms between .R<DT3 133>.A<O2 26> and .R<DT3 136>.A<H73 20>
Warning: Close contact of 0.867914 angstroms between .R<DA3 134>.A<HO3' 33> and .R<DA3 135>.A<P 1>
Warning: Close contact of 1.371399 angstroms between .R<DA3 134>.A<H2' 30> and .R<DA3 135>.A<H8 15>
Warning: Close contact of 0.930037 angstroms between .R<DA3 135>.A<HO3' 33> and .R<DT3 136>.A<P 1>
Warning: Close contact of 0.774651 angstroms between .R<DT3 136>.A<HO3' 33> and .R<DG3 137>.A<P 1>
Warning: Close contact of 0.695503 angstroms between .R<DG3 137>.A<HO3' 34> and .R<DC3 138>.A<P 1>
Warning: Close contact of 1.089637 angstroms between .R<DC3 138>.A<HO3' 31> and .R<DC3 139>.A<P 1>
Warning: Close contact of 1.056244 angstroms between .R<DC3 139>.A<HO3' 31> and .R<DT3 140>.A<P 1>
Warning: Close contact of 1.391772 angstroms between .R<DG3 141>.A<HO3' 34> and .R<DC3 142>.A<H5' 6>
Warning: Close contact of 0.799407 angstroms between .R<DC3 142>.A<HO3' 31> and .R<DG3 143>.A<P 1>
Warning: Close contact of 0.903889 angstroms between .R<DC3 144>.A<HO3' 31> and .R<DA3 145>.A<P 1>
Warning: Close contact of 0.701569 angstroms between .R<DA3 145>.A<HO3' 33> and .R<DG3 146>.A<P 1>
Warning: Close contact of 0.947791 angstroms between .R<DG3 146>.A<HO3' 34> and .R<DG3 147>.A<P 1>
Warning: Close contact of 0.659759 angstroms between .R<DG3 147>.A<HO3' 34> and .R<DG3 148>.A<P 1>
Warning: Close contact of 1.426429 angstroms between .R<DG3 147>.A<H2' 31> and .R<DG3 148>.A<H8 15>
Warning: Close contact of 1.439699 angstroms between .R<DA3 149>.A<HO3' 33> and .R<DG3 150>.A<P 1>
Warning: Close contact of 0.872547 angstroms between .R<DG3 150>.A<HO3' 34> and .R<DT3 151>.A<P 1>
Warning: Close contact of 0.926453 angstroms between .R<DG3 152>.A<HO3' 34> and .R<DT3 153>.A<P 1>
Warning: Close contact of 0.862556 angstroms between .R<DT3 153>.A<HO3' 33> and .R<DC3 154>.A<P 1>
Warning: Close contact of 1.389969 angstroms between .R<TPP 161>.A<N1' 1> and .R<TPP 161>.A<C2' 2>
Warning: Close contact of 1.350873 angstroms between .R<TPP 161>.A<N1' 1> and .R<TPP 161>.A<C6' 8>
Warning: Close contact of 1.497264 angstroms between .R<TPP 161>.A<C2' 2> and .R<TPP 161>.A<CM2 3>
Warning: Close contact of 1.381979 angstroms between .R<TPP 161>.A<C2' 2> and .R<TPP 161>.A<N3' 4>
Warning: Close contact of 1.359127 angstroms between .R<TPP 161>.A<N3' 4> and .R<TPP 161>.A<C4' 5>
Warning: Close contact of 1.332495 angstroms between .R<TPP 161>.A<C4' 5> and .R<TPP 161>.A<N4' 6>
Warning: Close contact of 1.393582 angstroms between .R<TPP 161>.A<C4' 5> and .R<TPP 161>.A<C5' 7>
Warning: Close contact of 1.358836 angstroms between .R<TPP 161>.A<C5' 7> and .R<TPP 161>.A<C6' 8>
Warning: Close contact of 1.412451 angstroms between .R<TPP 161>.A<C5' 7> and .R<TPP 161>.A<C7' 9>
Warning: Close contact of 1.439371 angstroms between .R<TPP 161>.A<C7' 9> and .R<TPP 161>.A<N3 10>
Warning: Close contact of 1.373477 angstroms between .R<TPP 161>.A<N3 10> and .R<TPP 161>.A<C2 11>
Warning: Close contact of 1.332449 angstroms between .R<TPP 161>.A<N3 10> and .R<TPP 161>.A<C4 14>
Warning: Close contact of 1.364156 angstroms between .R<TPP 161>.A<C5 13> and .R<TPP 161>.A<C4 14>
Warning: Close contact of 1.473594 angstroms between .R<TPP 161>.A<C5 13> and .R<TPP 161>.A<C6 16>
Warning: Close contact of 1.477347 angstroms between .R<TPP 161>.A<C4 14> and .R<TPP 161>.A<CM4 15>
Warning: Close contact of 1.403083 angstroms between .R<TPP 161>.A<C7 17> and .R<TPP 161>.A<O7 18>
Warning: Close contact of 1.358186 angstroms between .R<TPP 170>.A<N1' 1> and .R<TPP 170>.A<C2' 2>
Warning: Close contact of 1.378420 angstroms between .R<TPP 170>.A<N1' 1> and .R<TPP 170>.A<C6' 8>
Warning: Close contact of 1.482392 angstroms between .R<TPP 170>.A<C2' 2> and .R<TPP 170>.A<CM2 3>
Warning: Close contact of 1.366468 angstroms between .R<TPP 170>.A<C2' 2> and .R<TPP 170>.A<N3' 4>
Warning: Close contact of 1.370910 angstroms between .R<TPP 170>.A<N3' 4> and .R<TPP 170>.A<C4' 5>
Warning: Close contact of 1.333338 angstroms between .R<TPP 170>.A<C4' 5> and .R<TPP 170>.A<N4' 6>
Warning: Close contact of 1.397951 angstroms between .R<TPP 170>.A<C4' 5> and .R<TPP 170>.A<C5' 7>
Warning: Close contact of 1.388880 angstroms between .R<TPP 170>.A<C5' 7> and .R<TPP 170>.A<C6' 8>
Warning: Close contact of 1.443386 angstroms between .R<TPP 170>.A<C7' 9> and .R<TPP 170>.A<N3 10>
Warning: Close contact of 1.382088 angstroms between .R<TPP 170>.A<N3 10> and .R<TPP 170>.A<C2 11>
Warning: Close contact of 1.373129 angstroms between .R<TPP 170>.A<N3 10> and .R<TPP 170>.A<C4 14>
Warning: Close contact of 1.403738 angstroms between .R<TPP 170>.A<C5 13> and .R<TPP 170>.A<C4 14>
Warning: Close contact of 1.477044 angstroms between .R<TPP 170>.A<C4 14> and .R<TPP 170>.A<CM4 15>
Warning: Close contact of 1.422294 angstroms between .R<TPP 170>.A<C7 17> and .R<TPP 170>.A<O7 18>
Checking parameters for unit 'y'.
Checking for bond parameters.
Checking for angle parameters.
check:  Errors:  65   Warnings: 178
> 
> 
> 
> savepdb y DNA_2cky.pdb
Writing pdb file: DNA_2cky.pdb
> quit
	Quit
