0.407067  0.61559466873
0.466413  0.60472753674

0.366349  0.69907752698
0.450408  0.665383330636

0.342463  0.735636703661
0.435406  0.684093639325

0.327897  0.748468040788
0.422781  0.690787057467

0.3194  0.751795558566
0.414718  0.690360155879

0.31379  0.761285312368
0.408821  0.693598235627

0.310769  0.769588329167
0.406556  0.700736035001

0.30713  0.771174995452
0.401678  0.699900984448

0.303723  0.771452869529
0.398538  0.702141956459

0.301762  0.772274401212
0.394982  0.700926940601

0.300229  0.778250599178
0.393862  0.705759004332

0.298467  0.7791041426
0.391797  0.705935403738

0.297906  0.784933147522
0.390764  0.71102618734

0.296546  0.782211980386
0.389541  0.708806846071

0.295439  0.780845653754
0.387876  0.707607845572

0.295037  0.786295873653
0.387501  0.711656814203

0.294014  0.785849225705
0.386864  0.710825650069

0.293793  0.788455510124
0.386164  0.713814091223

0.292833  0.786007392616
0.385247  0.712435976372

0.292502  0.788607665868
0.385502  0.713375323976

0.291736  0.786911870089
0.384186  0.712569886601

0.291315  0.788564728506
0.383693  0.714175131097

0.290926  0.788283404783
0.383023  0.714078823266

0.290515  0.787891697397
0.382163  0.714140559939

0.29034  0.790141924643
0.382704  0.715083106126

0.289614  0.78721999467
0.380901  0.713465431199

0.289292  0.787556831338
0.380609  0.714378951801

0.288902  0.788828511658
0.379901  0.715892734568

0.288529  0.78974403513
0.380166  0.71592997579

0.288094  0.789775579448
0.379871  0.715675339657

0.287575  0.786858524524
0.378087  0.714101416339

0.287384  0.789074186109
0.378691  0.71473072008

0.287201  0.790704241299
0.378988  0.716376431092

0.287019  0.792337421019
0.377772  0.717480700624

0.286124  0.78783485942
0.377089  0.715575281713

0.285807  0.789344816627
0.375994  0.715936709071

0.285851  0.790643104076
0.375287  0.717180087266

0.28553  0.790885369996
0.375222  0.717375197932

0.2851  0.790305311202
0.37515  0.716528132093

0.284624  0.790778474592
0.373937  0.717805009015

0.284029  0.788739733941
0.374058  0.715910000882

0.283855  0.790038539022
0.373923  0.716659895149

0.283768  0.789323886963
0.374477  0.715193271346

0.283222  0.788835478692
0.373579  0.715699513508

0.282946  0.789263144486
0.372208  0.716825727884

0.282781  0.789795321454
0.371275  0.717163869265

0.282288  0.789873602837
0.371539  0.716884409037

0.282069  0.791660989287
0.370026  0.719091984287

0.281404  0.787513750239
0.37008  0.715873429516

0.281426  0.791629843074
0.369059  0.7194017146

0.280919  0.790013182622
0.369989  0.717212662701

0.280907  0.794664593502
0.367226  0.723499080587

0.280116  0.791641058529
0.368243  0.719666629236

0.280394  0.796288209068
0.366716  0.725170598363

0.2801  0.792717892649
0.367432  0.720898898244

0.279445  0.792325719435
0.365758  0.72156428123

0.279491  0.794279578992
0.366047  0.724238323928

0.278718  0.794341686925
0.365083  0.725190288624

0.278444  0.796008295351
0.364496  0.7274814709

0.278483  0.794075191797
0.364537  0.725253736741

0.277838  0.795129685937
0.36411  0.726888375699

0.27768  0.79803020749
0.363827  0.731583030167

0.277431  0.800519682991
0.363721  0.736218237362

0.277232  0.798003930829
0.363001  0.733253284175

0.276861  0.797762074146
0.363127  0.732136733435

0.276849  0.800913479199
0.36169  0.738689212932

0.276823  0.799820296126
0.363217  0.735293623244

0.276607  0.801276227274
0.362373  0.736045621431

0.276412  0.801975832108
0.360746  0.739039531592

0.276351  0.798870902362
0.361853  0.73630883359

0.276378  0.806592533812
0.360675  0.7474360425

